

Started GET "/" for 54.217.249.141 at 2016-10-17 17:56:38 +0000

ActiveRecord::PendingMigrationError (

Migrations are pending. To resolve this issue, run:

	bin/rake db:migrate RAILS_ENV=development

):
  .bundle/gems/activerecord-4.1.6/lib/active_record/migration.rb:389:in `check_pending!'
  .bundle/gems/activerecord-4.1.6/lib/active_record/migration.rb:377:in `call'
  .bundle/gems/actionpack-4.1.6/lib/action_dispatch/middleware/callbacks.rb:29:in `block in call'
  .bundle/gems/activesupport-4.1.6/lib/active_support/callbacks.rb:82:in `run_callbacks'
  .bundle/gems/actionpack-4.1.6/lib/action_dispatch/middleware/callbacks.rb:27:in `call'
  .bundle/gems/actionpack-4.1.6/lib/action_dispatch/middleware/reloader.rb:73:in `call'
  .bundle/gems/actionpack-4.1.6/lib/action_dispatch/middleware/remote_ip.rb:76:in `call'
  .bundle/gems/actionpack-4.1.6/lib/action_dispatch/middleware/debug_exceptions.rb:17:in `call'
  .bundle/gems/actionpack-4.1.6/lib/action_dispatch/middleware/show_exceptions.rb:30:in `call'
  .bundle/gems/railties-4.1.6/lib/rails/rack/logger.rb:38:in `call_app'
  .bundle/gems/railties-4.1.6/lib/rails/rack/logger.rb:20:in `block in call'
  .bundle/gems/activesupport-4.1.6/lib/active_support/tagged_logging.rb:68:in `block in tagged'
  .bundle/gems/activesupport-4.1.6/lib/active_support/tagged_logging.rb:26:in `tagged'
  .bundle/gems/activesupport-4.1.6/lib/active_support/tagged_logging.rb:68:in `tagged'
  .bundle/gems/railties-4.1.6/lib/rails/rack/logger.rb:20:in `call'
  .bundle/gems/actionpack-4.1.6/lib/action_dispatch/middleware/request_id.rb:21:in `call'
  .bundle/gems/rack-1.5.5/lib/rack/methodoverride.rb:21:in `call'
  .bundle/gems/rack-1.5.5/lib/rack/runtime.rb:17:in `call'
  .bundle/gems/activesupport-4.1.6/lib/active_support/cache/strategy/local_cache_middleware.rb:26:in `call'
  .bundle/gems/rack-1.5.5/lib/rack/lock.rb:17:in `call'
  .bundle/gems/actionpack-4.1.6/lib/action_dispatch/middleware/static.rb:64:in `call'
  .bundle/gems/rack-1.5.5/lib/rack/sendfile.rb:112:in `call'
  .bundle/gems/railties-4.1.6/lib/rails/engine.rb:514:in `call'
  .bundle/gems/railties-4.1.6/lib/rails/application.rb:144:in `call'
  .bundle/gems/rack-1.5.5/lib/rack/lock.rb:17:in `call'
  .bundle/gems/rack-1.5.5/lib/rack/content_length.rb:14:in `call'
  .bundle/gems/rack-1.5.5/lib/rack/handler/webrick.rb:60:in `service'
  /usr/local/opt/rbenv/versions/2.3.1/lib/ruby/2.3.0/webrick/httpserver.rb:140:in `service'
  /usr/local/opt/rbenv/versions/2.3.1/lib/ruby/2.3.0/webrick/httpserver.rb:96:in `run'
  /usr/local/opt/rbenv/versions/2.3.1/lib/ruby/2.3.0/webrick/server.rb:296:in `block in start_thread'


  Rendered .bundle/gems/actionpack-4.1.6/lib/action_dispatch/middleware/templates/rescues/_source.erb (0.4ms)
  Rendered .bundle/gems/actionpack-4.1.6/lib/action_dispatch/middleware/templates/rescues/_trace.html.erb (0.8ms)
  Rendered .bundle/gems/actionpack-4.1.6/lib/action_dispatch/middleware/templates/rescues/_request_and_response.html.erb (0.7ms)
  Rendered .bundle/gems/actionpack-4.1.6/lib/action_dispatch/middleware/templates/rescues/diagnostics.erb within rescues/layout (21.1ms)
  [1m[36m (10.2ms)[0m  [1mCREATE TABLE "schema_migrations" ("version" varchar(255) NOT NULL) [0m
  [1m[35m (0.1ms)[0m  select sqlite_version(*)
  [1m[36m (4.4ms)[0m  [1mCREATE UNIQUE INDEX "unique_schema_migrations" ON "schema_migrations" ("version")[0m
  [1m[35mActiveRecord::SchemaMigration Load (0.1ms)[0m  SELECT "schema_migrations".* FROM "schema_migrations"
Migrating to CreateStudents (20160920124204)
  [1m[36m (0.0ms)[0m  [1mbegin transaction[0m
  [1m[35m (0.3ms)[0m  CREATE TABLE "students" ("id" INTEGER PRIMARY KEY AUTOINCREMENT NOT NULL, "name" varchar(255), "surname" varchar(255), "birthday" date, "created_at" datetime, "updated_at" datetime) 
  [1m[36mSQL (0.1ms)[0m  [1mINSERT INTO "schema_migrations" ("version") VALUES (?)[0m  [["version", "20160920124204"]]
  [1m[35m (4.1ms)[0m  commit transaction
Migrating to CreateCities (20161011095908)
  [1m[36m (0.0ms)[0m  [1mbegin transaction[0m
  [1m[35m (0.3ms)[0m  CREATE TABLE "cities" ("id" INTEGER PRIMARY KEY AUTOINCREMENT NOT NULL, "name" varchar(255), "lat" float, "lon" float, "created_at" datetime, "updated_at" datetime) 
  [1m[36mSQL (0.1ms)[0m  [1mINSERT INTO "schema_migrations" ("version") VALUES (?)[0m  [["version", "20161011095908"]]
  [1m[35m (4.5ms)[0m  commit transaction
Migrating to CreateForecasts (20161012173455)
  [1m[36m (0.0ms)[0m  [1mbegin transaction[0m
  [1m[35m (0.2ms)[0m  CREATE TABLE "forecasts" ("id" INTEGER PRIMARY KEY AUTOINCREMENT NOT NULL, "latitude" float, "longitude" float, "summary" varchar(255), "temperature" float, "windSpeed" float, "created_at" datetime, "updated_at" datetime) 
  [1m[36mSQL (0.1ms)[0m  [1mINSERT INTO "schema_migrations" ("version") VALUES (?)[0m  [["version", "20161012173455"]]
  [1m[35m (5.5ms)[0m  commit transaction
  [1m[36mActiveRecord::SchemaMigration Load (0.1ms)[0m  [1mSELECT "schema_migrations".* FROM "schema_migrations"[0m
